D MESG Loaded logging functions [/home/repro/.repro-logging:source:271]
D MESG Already loaded logging functions [/home/repro/.repro-logging:source:4]
I MESG Initializing REPRO state [/home/repro/repro-modules/repro-exports/functions-base:repro.initialize_state:6]
I MESG Initializing REPRO modules [/home/repro/repro-modules/repro-exports/functions-base:repro.initialize_modules:155]
I MESG Initializing module 'repro' [/home/repro/repro-modules/repro-exports/functions-base:repro.initialize_modules:160]
I MESG Initializing trim files for module 'repro' [/home/repro/repro-modules/repro-exports/functions-base:repro.initialize_module_trim:100]
I MESG Looking for Makefiles in the 'repro' module installation directory (/home/repro/repro-modules/repro-exports) to copy to the module trim directory (/mnt/repro/.repro) [/home/repro/repro-modules/repro-exports/functions-base:repro.initialize_module_trim:118]
I MESG The file Makefile-demos is already present in the 'repro' trim directory (/mnt/repro/.repro) [/home/repro/repro-modules/repro-exports/functions-base:repro.initialize_module_trim:125]
I MESG Done initializing trim files for module 'repro' [/home/repro/repro-modules/repro-exports/functions-base:repro.initialize_module_trim:151]
I MESG Done initializing modules [/home/repro/repro-modules/repro-exports/functions-base:repro.initialize_modules:163]
I MESG Ensuring that the global target mapping file (/mnt/repro/.repro/repro-targets) exists [/home/repro/repro-modules/repro-exports/functions-base:repro.update_targets:168]
I MESG The global target mapping file (/mnt/repro/.repro/repro-targets) already exists so nothing to do. [/home/repro/repro-modules/repro-exports/functions-base:repro.update_targets:172]
I MESG Triggering automatic service startup if enabled [/home/repro/repro-modules/repro-exports/functions-base:repro.initialize_state:11]
I MESG The function repro.start_services is being called during startup [/home/repro/repro-modules/repro-exports/functions-base:repro.start_services:264]
I MESG Starting services now because REPRO_SERVICES_STARTUP == auto [/home/repro/repro-modules/repro-exports/functions-base:repro.start_services:267]
I MESG Invoking the 'start-services' target with the --quiet option to hide warning when REPRO has no services [/home/repro/repro-modules/repro-exports/functions-base:repro.start_services:269]
I MESG Processing line in target file: run-demos: [/home/repro/repro-modules/repro-exports/functions-base:repro.run_target:218]
I MESG Processing line in target file: clean-demos: [/home/repro/repro-modules/repro-exports/functions-base:repro.run_target:218]
I MESG Done handling repro.start_services call during startup [/home/repro/repro-modules/repro-exports/functions-base:repro.start_services:275]
I MESG Done initializing REPRO state [/home/repro/repro-modules/repro-exports/functions-base:repro.initialize_state:14]
I MESG Processing line in target file: run-demos: [/home/repro/repro-modules/repro-exports/functions-base:repro.run_target:14]
make: Entering directory '/mnt/repro/.repro'
run_all_tests.sh
jq-1.6
All Tests Succeeded
make: Leaving directory '/mnt/repro/.repro'
